MSBuild version 18.0.5+e22287bf1 for .NET Framework

  Checking UI token/wrapper compliance
  Checking ImGui input/ID/window ownership contracts
  ImGui contract check passed.
  Clang/builder contract check passed.
  Tool wiring contract check passed.
  Context command contract check passed.
  Generator/viewport contract check passed.
  ImGui contract check passed.
  UI compliance check passed.
  RogueCityGL3W.vcxproj -> C:\Users\teamc\Documents\Rogue Cities\RogueCities_UrbanSpatialDesigner\build_vs\visualizer\Debug\RogueCityGL3W.lib
  RogueCityImGui.vcxproj -> C:\Users\teamc\Documents\Rogue Cities\RogueCities_UrbanSpatialDesigner\build_vs\AI\Debug\RogueCityImGui.lib
  glfw.vcxproj -> C:\Users\teamc\Documents\Rogue Cities\RogueCities_UrbanSpatialDesigner\build_vs\glfw\src\Debug\glfw3.lib
  lua_548.vcxproj -> C:\Users\teamc\Documents\Rogue Cities\RogueCities_UrbanSpatialDesigner\build_vs\3rdparty\lua\lua-5.4.8\Debug\lua_548.lib
  RogueCityCore.vcxproj -> C:\Users\teamc\Documents\Rogue Cities\RogueCities_UrbanSpatialDesigner\build_vs\core\Debug\RogueCityCore.lib
  RogueCityAI.vcxproj -> C:\Users\teamc\Documents\Rogue Cities\RogueCities_UrbanSpatialDesigner\build_vs\AI\Debug\RogueCityAI.lib
  RogueCityGenerators.vcxproj -> C:\Users\teamc\Documents\Rogue Cities\RogueCities_UrbanSpatialDesigner\build_vs\generators\Debug\RogueCityGenerators.lib
  RogueCityApp.vcxproj -> C:\Users\teamc\Documents\Rogue Cities\RogueCities_UrbanSpatialDesigner\build_vs\app\Debug\RogueCityApp.lib
  RogueCityVisualizerFeaturePanels.vcxproj -> C:\Users\teamc\Documents\Rogue Cities\RogueCities_UrbanSpatialDesigner\build_vs\visualizer\Debug\RogueCityVisualizerFeaturePanels.lib
  rc_panel_axiom_editor.cpp
  RogueCityVisualizerGui.vcxproj -> C:\Users\teamc\Documents\Rogue Cities\RogueCities_UrbanSpatialDesigner\bin\RogueCityVisualizerGui.exe
  	Copying RogueCityVisualizerGui.exe to repository root	Updating RogueCityVisualizerGui.lnk in repository root
